11:37:19.255 [http-nio-8080-exec-3] DEBUG o.s.o.j.s.OpenEntityManagerInViewInterceptor - Closing JPA EntityManager in OpenEntityManagerInViewInterceptor
11:37:19.271 [http-nio-8080-exec-3] DEBUG o.s.o.jpa.EntityManagerFactoryUtils - Closing JPA EntityManager
11:37:19.271 [http-nio-8080-exec-3] DEBUG o.s.web.servlet.DispatcherServlet - Successfully completed request
11:37:19.271 [http-nio-8080-exec-3] DEBUG o.s.b.w.f.OrderedRequestContextFilter - Cleared thread-bound request context: org.apache.catalina.connector.RequestFacade@6cea4f3e
11:37:41.990 [http-nio-8080-exec-4] DEBUG o.s.b.w.f.OrderedRequestContextFilter - Bound request context to thread: org.apache.catalina.connector.RequestFacade@6cea4f3e
11:37:41.991 [http-nio-8080-exec-4] DEBUG o.s.web.servlet.DispatcherServlet - DispatcherServlet with name 'dispatcherServlet' processing OPTIONS request for [/api/save]
11:37:42.022 [http-nio-8080-exec-4] DEBUG o.s.w.s.m.m.a.RequestMappingHandlerMapping - Looking up handler method for path /api/save
11:37:42.023 [http-nio-8080-exec-4] DEBUG o.s.w.s.m.m.a.RequestMappingHandlerMapping - Returning handler method [public org.springframework.http.ResponseEntity<java.lang.Void> com.petapplication.controller.PetInfoController.savePetInfo(com.petapplication.requestDTO.PetInfoRequestDTO)]
11:37:42.023 [http-nio-8080-exec-4] DEBUG o.s.b.f.s.DefaultListableBeanFactory - Returning cached instance of singleton bean 'petInfoController'
11:37:42.024 [http-nio-8080-exec-4] DEBUG o.s.o.j.s.OpenEntityManagerInViewInterceptor - Opening JPA EntityManager in OpenEntityManagerInViewInterceptor
11:37:42.025 [http-nio-8080-exec-4] DEBUG o.s.web.servlet.DispatcherServlet - Null ModelAndView returned to DispatcherServlet with name 'dispatcherServlet': assuming HandlerAdapter completed request handling
11:37:42.025 [http-nio-8080-exec-4] DEBUG o.s.o.j.s.OpenEntityManagerInViewInterceptor - Closing JPA EntityManager in OpenEntityManagerInViewInterceptor
11:37:42.025 [http-nio-8080-exec-4] DEBUG o.s.o.jpa.EntityManagerFactoryUtils - Closing JPA EntityManager
11:37:42.026 [http-nio-8080-exec-4] DEBUG o.s.web.servlet.DispatcherServlet - Successfully completed request
11:37:42.026 [http-nio-8080-exec-4] DEBUG o.s.b.w.f.OrderedRequestContextFilter - Cleared thread-bound request context: org.apache.catalina.connector.RequestFacade@6cea4f3e
11:37:42.037 [http-nio-8080-exec-5] DEBUG o.s.b.w.f.OrderedRequestContextFilter - Bound request context to thread: org.apache.catalina.connector.RequestFacade@6cea4f3e
11:37:42.037 [http-nio-8080-exec-5] DEBUG o.s.web.servlet.DispatcherServlet - DispatcherServlet with name 'dispatcherServlet' processing POST request for [/api/save]
11:37:42.037 [http-nio-8080-exec-5] DEBUG o.s.w.s.m.m.a.RequestMappingHandlerMapping - Looking up handler method for path /api/save
11:37:42.037 [http-nio-8080-exec-5] DEBUG o.s.w.s.m.m.a.RequestMappingHandlerMapping - Returning handler method [public org.springframework.http.ResponseEntity<java.lang.Void> com.petapplication.controller.PetInfoController.savePetInfo(com.petapplication.requestDTO.PetInfoRequestDTO)]
11:37:42.037 [http-nio-8080-exec-5] DEBUG o.s.b.f.s.DefaultListableBeanFactory - Returning cached instance of singleton bean 'petInfoController'
