11:15:11.680 [main] DEBUG o.s.c.i.s.PathMatchingResourcePatternResolver - Searching directory [D:\working\pet-app\pet-app\target\classes\com\petapplication\utility] for files matching pattern [D:/working/pet-app/pet-app/target/classes/com/petapplication/**/*.class]
11:15:11.695 [main] DEBUG o.s.c.i.s.PathMatchingResourcePatternResolver - Resolved location pattern [classpath*:com/petapplication/**/*.class] to resources [file [D:\working\pet-app\pet-app\target\classes\com\petapplication\aop\HandelLoginAOP.class], file [D:\working\pet-app\pet-app\target\classes\com\petapplication\config\WebConfig.class], file [D:\working\pet-app\pet-app\target\classes\com\petapplication\controller\AuthenticationController.class], file [D:\working\pet-app\pet-app\target\classes\com\petapplication\controller\PetInfoController.class], file [D:\working\pet-app\pet-app\target\classes\com\petapplication\entity\converter\utility\PetInfoUtils.class], file [D:\working\pet-app\pet-app\target\classes\com\petapplication\entity\PetInfo.class], file [D:\working\pet-app\pet-app\target\classes\com\petapplication\entity\UserLoginInfo.class], file [D:\working\pet-app\pet-app\target\classes\com\petapplication\exception\ContentConflictException.class], file [D:\working\pet-app\pet-app\target\classes\com\petapplication\exception\ContentNotFoundException.class], file [D:\working\pet-app\pet-app\target\classes\com\petapplication\exception\DataBindingErrorMessage$Error.class], file [D:\working\pet-app\pet-app\target\classes\com\petapplication\exception\DataBindingErrorMessage.class], file [D:\working\pet-app\pet-app\target\classes\com\petapplication\exception\ErrorMessage.class], file [D:\working\pet-app\pet-app\target\classes\com\petapplication\exception\GlobalExceptionHandler.class], file [D:\working\pet-app\pet-app\target\classes\com\petapplication\exception\NoContentException.class], file [D:\working\pet-app\pet-app\target\classes\com\petapplication\exception\OperationFailedException.class], file [D:\working\pet-app\pet-app\target\classes\com\petapplication\exception\UnauthorizedExceptionHandler.class], file [D:\working\pet-app\pet-app\target\classes\com\petapplication\PetApplicationStarter.class], file [D:\working\pet-app\pet-app\target\classes\com\petapplication\repository\PetInfoRepository.class], file [D:\working\pet-app\pet-app\target\classes\com\petapplication\repository\UserLoginInfoRepository.class], file [D:\working\pet-app\pet-app\target\classes\com\petapplication\requestDTO\LoginRequestDTO.class], file [D:\working\pet-app\pet-app\target\classes\com\petapplication\requestDTO\PetInfoRequestDTO.class], file [D:\working\pet-app\pet-app\target\classes\com\petapplication\resource\constant\WebApiConstant.class], file [D:\working\pet-app\pet-app\target\classes\com\petapplication\responseDTO\PetInfoResponseDTO.class], file [D:\working\pet-app\pet-app\target\classes\com\petapplication\responseDTO\SingleValueResponse.class], file [D:\working\pet-app\pet-app\target\classes\com\petapplication\service\impl\LoginServiceImpl.class], file [D:\working\pet-app\pet-app\target\classes\com\petapplication\service\impl\PetInfoServiceImpl.class], file [D:\working\pet-app\pet-app\target\classes\com\petapplication\service\LoginService.class], file [D:\working\pet-app\pet-app\target\classes\com\petapplication\service\PetInfoService.class], file [D:\working\pet-app\pet-app\target\classes\com\petapplication\utility\DateUtils.class], file [D:\working\pet-app\pet-app\target\classes\com\petapplication\utility\FileProcessorUtils.class], file [D:\working\pet-app\pet-app\target\classes\com\petapplication\utility\JWTUtils.class], file [D:\working\pet-app\pet-app\target\classes\com\petapplication\utility\ModelBase.class]]
11:15:11.720 [main] DEBUG o.s.d.r.c.RepositoryComponentProvider - Identified candidate component class: file [D:\working\pet-app\pet-app\target\classes\com\petapplication\repository\PetInfoRepository.class]
11:15:11.721 [main] DEBUG o.s.d.r.c.RepositoryComponentProvider - Identified candidate component class: file [D:\working\pet-app\pet-app\target\classes\com\petapplication\repository\UserLoginInfoRepository.class]
11:15:11.736 [main] DEBUG o.s.b.f.s.DefaultListableBeanFactory - Returning cached instance of singleton bean 'org.springframework.boot.autoconfigure.AutoConfigurationPackages'
11:15:11.736 [main] DEBUG o.s.core.env.StandardEnvironment - Adding [systemProperties] PropertySource with lowest search precedence
11:15:11.737 [main] DEBUG o.s.core.env.StandardEnvironment - Adding [systemEnvironment] PropertySource with lowest search precedence
11:15:11.737 [main] DEBUG o.s.core.env.StandardEnvironment - Initialized StandardEnvironment with PropertySources [systemProperties,systemEnvironment]
11:15:11.738 [main] DEBUG o.s.c.i.s.PathMatchingResourcePatternResolver - Resolved classpath location [com/petapplication/] to resources [URL [file:/D:/working/pet-app/pet-app/target/classes/com/petapplication/]]
11:15:11.738 [main] DEBUG o.s.c.i.s.PathMatchingResourcePatternResolver - Looking for matching resources in directory tree [D:\working\pet-app\pet-app\target\classes\com\petapplication]
11:15:11.738 [main] DEBUG o.s.c.i.s.PathMatchingResourcePatternResolver - Searching directory [D:\working\pet-app\pet-app\target\classes\com\petapplication] for files matching pattern [D:/working/pet-app/pet-app/target/classes/com/petapplication/**/*PetInfoRepositoryImpl.class]
11:15:11.739 [main] DEBUG o.s.c.i.s.PathMatchingResourcePatternResolver - Searching directory [D:\working\pet-app\pet-app\target\classes\com\petapplication\aop] for files matching pattern [D:/working/pet-app/pet-app/target/classes/com/petapplication/**/*PetInfoRepositoryImpl.class]
11:15:11.739 [main] DEBUG o.s.c.i.s.PathMatchingResourcePatternResolver - Searching directory [D:\working\pet-app\pet-app\target\classes\com\petapplication\config] for files matching pattern [D:/working/pet-app/pet-app/target/classes/com/petapplication/**/*PetInfoRepositoryImpl.class]
11:15:11.739 [main] DEBUG o.s.c.i.s.PathMatchingResourcePatternResolver - Searching directory [D:\working\pet-app\pet-app\target\classes\com\petapplication\controller] for files matching pattern [D:/working/pet-app/pet-app/target/classes/com/petapplication/**/*PetInfoRepositoryImpl.class]
11:15:11.740 [main] DEBUG o.s.c.i.s.PathMatchingResourcePatternResolver - Searching directory [D:\working\pet-app\pet-app\target\classes\com\petapplication\entity] for files matching pattern [D:/working/pet-app/pet-app/target/classes/com/petapplication/**/*PetInfoRepositoryImpl.class]
11:15:11.740 [main] DEBUG o.s.c.i.s.PathMatchingResourcePatternResolver - Searching directory [D:\working\pet-app\pet-app\target\classes\com\petapplication\entity\converter] for files matching pattern [D:/working/pet-app/pet-app/target/classes/com/petapplication/**/*PetInfoRepositoryImpl.class]
11:15:11.740 [main] DEBUG o.s.c.i.s.PathMatchingResourcePatternResolver - Searching directory [D:\working\pet-app\pet-app\target\classes\com\petapplication\entity\converter\utility] for files matching pattern [D:/working/pet-app/pet-app/target/classes/com/petapplication/**/*PetInfoRepositoryImpl.class]
11:15:11.740 [main] DEBUG o.s.c.i.s.PathMatchingResourcePatternResolver - Searching directory [D:\working\pet-app\pet-app\target\classes\com\petapplication\exception] for files matching pattern [D:/working/pet-app/pet-app/target/classes/com/petapplication/**/*PetInfoRepositoryImpl.class]
11:15:11.741 [main] DEBUG o.s.c.i.s.PathMatchingResourcePatternResolver - Searching directory [D:\working\pet-app\pet-app\target\classes\com\petapplication\repository] for files matching pattern [D:/working/pet-app/pet-app/target/classes/com/petapplication/**/*PetInfoRepositoryImpl.class]
11:15:11.741 [main] DEBUG o.s.c.i.s.PathMatchingResourcePatternResolver - Searching directory [D:\working\pet-app\pet-app\target\classes\com\petapplication\requestDTO] for files matching pattern [D:/working/pet-app/pet-app/target/classes/com/petapplication/**/*PetInfoRepositoryImpl.class]
11:15:11.741 [main] DEBUG o.s.c.i.s.PathMatchingResourcePatternResolver - Searching directory [D:\working\pet-app\pet-app\target\classes\com\petapplication\resource] for files matching pattern [D:/working/pet-app/pet-app/target/classes/com/petapplication/**/*PetInfoRepositoryImpl.class]
11:15:11.742 [main] DEBUG o.s.c.i.s.PathMatchingResourcePatternResolver - Searching directory [D:\working\pet-app\pet-app\target\classes\com\petapplication\resource\constant] for files matching pattern [D:/working/pet-app/pet-app/target/classes/com/petapplication/**/*PetInfoRepositoryImpl.class]
11:15:11.742 [main] DEBUG o.s.c.i.s.PathMatchingResourcePatternResolver - Searching directory [D:\working\pet-app\pet-app\target\classes\com\petapplication\responseDTO] for files matching pattern [D:/working/pet-app/pet-app/target/classes/com/petapplication/**/*PetInfoRepositoryImpl.class]
11:15:11.742 [main] DEBUG o.s.c.i.s.PathMatchingResourcePatternResolver - Searching directory [D:\working\pet-app\pet-app\target\classes\com\petapplication\service] for files matching pattern [D:/working/pet-app/pet-app/target/classes/com/petapplication/**/*PetInfoRepositoryImpl.class]
11:15:11.742 [main] DEBUG o.s.c.i.s.PathMatchingResourcePatternResolver - Searching directory [D:\working\pet-app\pet-app\target\classes\com\petapplication\service\impl] for files matching pattern [D:/working/pet-app/pet-app/target/classes/com/petapplication/**/*PetInfoRepositoryImpl.class]
11:15:11.743 [main] DEBUG o.s.c.i.s.PathMatchingResourcePatternResolver - Searching directory [D:\working\pet-app\pet-app\target\classes\com\petapplication\utility] for files matching pattern [D:/working/pet-app/pet-app/target/classes/com/petapplication/**/*PetInfoRepositoryImpl.class]
11:15:11.743 [main] DEBUG o.s.c.i.s.PathMatchingResourcePatternResolver - Resolved location pattern [classpath*:com/petapplication/**/*PetInfoRepositoryImpl.class] to resources []
11:15:11.745 [main] DEBUG o.s.d.r.c.RepositoryConfigurationDelegate - Spring Data JPA - Registering repository: petInfoRepository - Interface: com.petapplication.repository.PetInfoRepository - Factory: org.springframework.data.jpa.repository.support.JpaRepositoryFactoryBean
11:15:11.752 [main] DEBUG o.s.b.f.s.DefaultListableBeanFactory - Returning cached instance of singleton bean 'org.springframework.boot.autoconfigure.AutoConfigurationPackages'
11:15:11.752 [main] DEBUG o.s.core.env.StandardEnvironment - Adding [systemProperties] PropertySource with lowest search precedence
11:15:11.752 [main] DEBUG o.s.core.env.StandardEnvironment - Adding [systemEnvironment] PropertySource with lowest search precedence
11:15:11.752 [main] DEBUG o.s.core.env.StandardEnvironment - Initialized StandardEnvironment with PropertySources [systemProperties,systemEnvironment]
11:15:11.753 [main] DEBUG o.s.c.i.s.PathMatchingResourcePatternResolver - Resolved classpath location [com/petapplication/] to resources [URL [file:/D:/working/pet-app/pet-app/target/classes/com/petapplication/]]
11:15:11.753 [main] DEBUG o.s.c.i.s.PathMatchingResourcePatternResolver - Looking for matching resources in directory tree [D:\working\pet-app\pet-app\target\classes\com\petapplication]
11:15:11.753 [main] DEBUG o.s.c.i.s.PathMatchingResourcePatternResolver - Searching directory [D:\working\pet-app\pet-app\target\classes\com\petapplication] for files matching pattern [D:/working/pet-app/pet-app/target/classes/com/petapplication/**/*UserLoginInfoRepositoryImpl.class]
11:15:11.753 [main] DEBUG o.s.c.i.s.PathMatchingResourcePatternResolver - Searching directory [D:\working\pet-app\pet-app\target\classes\com\petapplication\aop] for files matching pattern [D:/working/pet-app/pet-app/target/classes/com/petapplication/**/*UserLoginInfoRepositoryImpl.class]
11:15:11.753 [main] DEBUG o.s.c.i.s.PathMatchingResourcePatternResolver - Searching directory [D:\working\pet-app\pet-app\target\classes\com\petapplication\config] for files matching pattern [D:/working/pet-app/pet-app/target/classes/com/petapplication/**/*UserLoginInfoRepositoryImpl.class]
11:15:11.754 [main] DEBUG o.s.c.i.s.PathMatchingResourcePatternResolver - Searching directory [D:\working\pet-app\pet-app\target\classes\com\petapplication\controller] for files matching pattern [D:/working/pet-app/pet-app/target/classes/com/petapplication/**/*UserLoginInfoRepositoryImpl.class]
11:15:11.754 [main] DEBUG o.s.c.i.s.PathMatchingResourcePatternResolver - Searching directory [D:\working\pet-app\pet-app\target\classes\com\petapplication\entity] for files matching pattern [D:/working/pet-app/pet-app/target/classes/com/petapplication/**/*UserLoginInfoRepositoryImpl.class]
11:15:11.754 [main] DEBUG o.s.c.i.s.PathMatchingResourcePatternResolver - Searching directory [D:\working\pet-app\pet-app\target\classes\com\petapplication\entity\converter] for files matching pattern [D:/working/pet-app/pet-app/target/classes/com/petapplication/**/*UserLoginInfoRepositoryImpl.class]
11:15:11.754 [main] DEBUG o.s.c.i.s.PathMatchingResourcePatternResolver - Searching directory [D:\working\pet-app\pet-app\target\classes\com\petapplication\entity\converter\utility] for files matching pattern [D:/working/pet-app/pet-app/target/classes/com/petapplication/**/*UserLoginInfoRepositoryImpl.class]
11:15:11.755 [main] DEBUG o.s.c.i.s.PathMatchingResourcePatternResolver - Searching directory [D:\working\pet-app\pet-app\target\classes\com\petapplication\exception] for files matching pattern [D:/working/pet-app/pet-app/target/classes/com/petapplication/**/*UserLoginInfoRepositoryImpl.class]
11:15:11.757 [main] DEBUG o.s.c.i.s.PathMatchingResourcePatternResolver - Searching directory [D:\working\pet-app\pet-app\target\classes\com\petapplication\repository] for files matching pattern [D:/working/pet-app/pet-app/target/classes/com/petapplication/**/*UserLoginInfoRepositoryImpl.class]
11:15:11.757 [main] DEBUG o.s.c.i.s.PathMatchingResourcePatternResolver - Searching directory [D:\working\pet-app\pet-app\target\classes\com\petapplication\requestDTO] for files matching pattern [D:/working/pet-app/pet-app/target/classes/com/petapplication/**/*UserLoginInfoRepositoryImpl.class]
11:15:11.758 [main] DEBUG o.s.c.i.s.PathMatchingResourcePatternResolver - Searching directory [D:\working\pet-app\pet-app\target\classes\com\petapplication\resource] for files matching pattern [D:/working/pet-app/pet-app/target/classes/com/petapplication/**/*UserLoginInfoRepositoryImpl.class]
11:15:11.758 [main] DEBUG o.s.c.i.s.PathMatchingResourcePatternResolver - Searching directory [D:\working\pet-app\pet-app\target\classes\com\petapplication\resource\constant] for files matching pattern [D:/working/pet-app/pet-app/target/classes/com/petapplication/**/*UserLoginInfoRepositoryImpl.class]
11:15:11.758 [main] DEBUG o.s.c.i.s.PathMatchingResourcePatternResolver - Searching directory [D:\working\pet-app\pet-app\target\classes\com\petapplication\responseDTO] for files matching pattern [D:/working/pet-app/pet-app/target/classes/com/petapplication/**/*UserLoginInfoRepositoryImpl.class]
11:15:11.758 [main] DEBUG o.s.c.i.s.PathMatchingResourcePatternResolver - Searching directory [D:\working\pet-app\pet-app\target\classes\com\petapplication\service] for files matching pattern [D:/working/pet-app/pet-app/target/classes/com/petapplication/**/*UserLoginInfoRepositoryImpl.class]
11:15:11.759 [main] DEBUG o.s.c.i.s.PathMatchingResourcePatternResolver - Searching directory [D:\working\pet-app\pet-app\target\classes\com\petapplication\service\impl] for files matching pattern [D:/working/pet-app/pet-app/target/classes/com/petapplication/**/*UserLoginInfoRepositoryImpl.class]
11:15:11.759 [main] DEBUG o.s.c.i.s.PathMatchingResourcePatternResolver - Searching directory [D:\working\pet-app\pet-app\target\classes\com\petapplication\utility] for files matching pattern [D:/working/pet-app/pet-app/target/classes/com/petapplication/**/*UserLoginInfoRepositoryImpl.class]
11:15:11.759 [main] DEBUG o.s.c.i.s.PathMatchingResourcePatternResolver - Resolved location pattern [classpath*:com/petapplication/**/*UserLoginInfoRepositoryImpl.class] to resources []
11:15:11.760 [main] DEBUG o.s.d.r.c.RepositoryConfigurationDelegate - Spring Data JPA - Registering repository: userLoginInfoRepository - Interface: com.petapplication.repository.UserLoginInfoRepository - Factory: org.springframework.data.jpa.repository.support.JpaRepositoryFactoryBean
11:15:11.761 [main] DEBUG o.s.b.f.s.DefaultListableBeanFactory - Returning cached instance of singleton bean 'autoConfigurationReport'
11:15:11.761 [main] DEBUG o.s.b.f.s.DefaultListableBeanFactory - Returning cached instance of singleton bean 'org.springframework.boot.autoconfigure.condition.BeanTypeRegistry'
11:15:11.767 [main] DEBUG o.s.b.f.s.DefaultListableBeanFactory - Returning cached instance of singleton bean 'autoConfigurationReport'
11:15:11.767 [main] DEBUG o.s.c.a.ConfigurationClassBeanDefinitionReader - Registered bean definition for imported class 'org.springframework.transaction.annotation.ProxyTransactionManagementConfiguration'
11:15:11.767 [main] DEBUG o.s.c.a.ConfigurationClassBeanDefinitionReader - Registering bean definition for @Bean method org.springframework.transaction.annotation.ProxyTransactionManagementConfiguration.org.springframework.transaction.config.internalTransactionAdvisor()
11:15:11.768 [main] DEBUG o.s.c.a.ConfigurationClassBeanDefinitionReader - Registering bean definition for @Bean method org.springframework.transaction.annotation.ProxyTransactionManagementConfiguration.transactionAttributeSource()
11:15:11.768 [main] DEBUG o.s.c.a.ConfigurationClassBeanDefinitionReader - Registering bean definition for @Bean method org.springframework.transaction.annotation.ProxyTransactionManagementConfiguration.transactionInterceptor()
11:15:11.768 [main] DEBUG o.s.c.a.ConfigurationClassBeanDefinitionReader - Registering bean definition for @Bean method org.springframework.transaction.annotation.ProxyTransactionManagementConfiguration.org.springframework.transaction.config.internalTransactionalEventListenerFactory()
11:15:11.768 [main] DEBUG o.s.c.a.ConfigurationClassBeanDefinitionReader - Registered bean definition for imported class 'org.springframework.boot.autoconfigure.jdbc.DataSourceTransactionManagerAutoConfiguration$TransactionManagementConfiguration'
11:15:11.769 [main] DEBUG o.s.b.f.s.DefaultListableBeanFactory - Returning cached instance of singleton bean 'org.springframework.boot.autoconfigure.condition.BeanTypeRegistry'
11:15:11.775 [main] DEBUG o.s.b.f.s.DefaultListableBeanFactory - Returning cached instance of singleton bean 'autoConfigurationReport'
11:15:11.776 [main] DEBUG o.s.c.a.ConfigurationClassBeanDefinitionReader - Registered bean definition for imported class 'org.springframework.boot.autoconfigure.jdbc.DataSourceTransactionManagerAutoConfiguration$DataSourceTransactionManagerConfiguration'
