11:15:09.209 [main] DEBUG o.s.c.e.PropertySourcesPropertyResolver - Could not find key 'spring.application.name:application' in any property source
11:15:09.239 [main] DEBUG o.s.c.e.PropertySourcesPropertyResolver - Could not find key 'spring.application.name' in any property source
11:15:09.239 [main] DEBUG o.s.c.e.PropertySourcesPropertyResolver - Could not find key 'PORT:null' in any property source
11:15:09.240 [main] DEBUG o.s.c.e.PropertySourcesPropertyResolver - Could not find key 'PORT' in any property source
11:15:09.240 [main] DEBUG o.s.c.e.PropertySourcesPropertyResolver - Could not find key 'server.port:null' in any property source
11:15:09.240 [main] DEBUG o.s.c.e.PropertySourcesPropertyResolver - Could not find key 'server.port' in any property source
11:15:09.246 [main] DEBUG o.s.c.e.PropertySourcesPropertyResolver - Could not find key 'spring.application.index:null' in any property source
11:15:09.247 [main] DEBUG o.s.c.e.PropertySourcesPropertyResolver - Could not find key 'spring.application.index' in any property source
11:15:09.248 [main] DEBUG o.s.c.e.PropertySourcesPropertyResolver - Could not find key 'vcap.application.instance_index:null' in any property source
11:15:09.249 [main] DEBUG o.s.c.e.PropertySourcesPropertyResolver - Could not find key 'vcap.application.instance_index' in any property source
11:15:09.249 [main] DEBUG o.s.c.e.PropertySourcesPropertyResolver - Could not find key 'spring.profiles.active' in any property source
11:15:09.287 [main] DEBUG o.s.b.f.s.DefaultListableBeanFactory - Returning cached instance of singleton bean 'autoConfigurationReport'
11:15:09.298 [main] INFO  c.p.PetApplicationStarter - Starting PetApplicationStarter on DESKTOP-N1KA4H8 with PID 5780 (D:\working\pet-app\pet-app\target\classes started by admin in D:\working\pet-app\pet-app)
11:15:09.299 [main] DEBUG c.p.PetApplicationStarter - Running with Spring Boot v1.5.2.RELEASE, Spring v4.3.7.RELEASE
11:15:09.300 [main] DEBUG o.s.c.e.PropertySourcesPropertyResolver - Could not find key 'spring.profiles.active' in any property source
11:15:09.300 [main] DEBUG o.s.c.e.PropertySourcesPropertyResolver - Could not find key 'spring.profiles.default' in any property source
11:15:09.301 [main] INFO  c.p.PetApplicationStarter - No active profile set, falling back to default profiles: default
11:15:09.302 [main] DEBUG o.s.boot.SpringApplication - Loading source class com.petapplication.PetApplicationStarter
11:15:09.318 [main] DEBUG o.s.c.a.ClassPathBeanDefinitionScanner - JSR-250 'javax.annotation.ManagedBean' found and supported for component scanning
11:15:09.401 [main] DEBUG o.s.b.c.c.ConfigFileApplicationListener - Loaded config file 'file:/D:/working/pet-app/pet-app/target/classes/application.properties' (classpath:/application.properties)
11:15:09.402 [main] DEBUG o.s.b.c.c.ConfigFileApplicationListener - Skipped (empty) config file 'file:/D:/working/pet-app/pet-app/target/classes/application.properties' (classpath:/application.properties) for profile default
11:15:09.404 [main] INFO  o.s.b.c.e.AnnotationConfigEmbeddedWebApplicationContext - Refreshing org.springframework.boot.context.embedded.AnnotationConfigEmbeddedWebApplicationContext@29176cc1: startup date [Tue Mar 21 11:15:09 NPT 2017]; root of context hierarchy
11:15:09.408 [main] DEBUG o.s.b.c.e.AnnotationConfigEmbeddedWebApplicationContext - Bean factory for org.springframework.boot.context.embedded.AnnotationConfigEmbeddedWebApplicationContext@29176cc1: org.springframework.beans.factory.support.DefaultListableBeanFactory@44c03695: defining beans [org.springframework.context.annotation.internalConfigurationAnnotationProcessor,org.springframework.context.annotation.internalAutowiredAnnotationProcessor,org.springframework.context.annotation.internalRequiredAnnotationProcessor,org.springframework.context.annotation.internalCommonAnnotationProcessor,org.springframework.context.annotation.internalPersistenceAnnotationProcessor,org.springframework.context.event.internalEventListenerProcessor,org.springframework.context.event.internalEventListenerFactory,petApplicationStarter]; root of factory hierarchy
11:15:09.434 [main] DEBUG o.s.b.f.s.DefaultListableBeanFactory - Creating shared instance of singleton bean 'org.springframework.context.annotation.internalConfigurationAnnotationProcessor'
11:15:09.434 [main] DEBUG o.s.b.f.s.DefaultListableBeanFactory - Creating instance of bean 'org.springframework.context.annotation.internalConfigurationAnnotationProcessor'
11:15:09.449 [main] DEBUG o.s.b.f.s.DefaultListableBeanFactory - Eagerly caching bean 'org.springframework.context.annotation.internalConfigurationAnnotationProcessor' to allow for resolving potential circular references
11:15:09.471 [main] DEBUG o.s.b.f.s.DefaultListableBeanFactory - Creating shared instance of singleton bean 'org.springframework.boot.autoconfigure.internalCachingMetadataReaderFactory'
11:15:09.472 [main] DEBUG o.s.b.f.s.DefaultListableBeanFactory - Creating instance of bean 'org.springframework.boot.autoconfigure.internalCachingMetadataReaderFactory'
11:15:09.472 [main] DEBUG o.s.b.f.s.DefaultListableBeanFactory - Eagerly caching bean 'org.springframework.boot.autoconfigure.internalCachingMetadataReaderFactory' to allow for resolving potential circular references
11:15:09.478 [main] DEBUG o.s.b.f.s.DefaultListableBeanFactory - Finished creating instance of bean 'org.springframework.boot.autoconfigure.internalCachingMetadataReaderFactory'
11:15:09.505 [main] DEBUG o.s.b.f.s.DefaultListableBeanFactory - Finished creating instance of bean 'org.springframework.context.annotation.internalConfigurationAnnotationProcessor'
11:15:09.573 [main] DEBUG o.s.c.a.ClassPathBeanDefinitionScanner - JSR-250 'javax.annotation.ManagedBean' found and supported for component scanning
11:15:09.576 [main] DEBUG o.s.c.i.s.PathMatchingResourcePatternResolver - Resolved classpath location [com/petapplication/] to resources [URL [file:/D:/working/pet-app/pet-app/target/classes/com/petapplication/]]
11:15:09.579 [main] DEBUG o.s.c.i.s.PathMatchingResourcePatternResolver - Looking for matching resources in directory tree [D:\working\pet-app\pet-app\target\classes\com\petapplication]
11:15:09.580 [main] DEBUG o.s.c.i.s.PathMatchingResourcePatternResolver - Searching directory [D:\working\pet-app\pet-app\target\classes\com\petapplication] for files matching pattern [D:/working/pet-app/pet-app/target/classes/com/petapplication/**/*.class]
11:15:09.584 [main] DEBUG o.s.c.i.s.PathMatchingResourcePatternResolver - Searching directory [D:\working\pet-app\pet-app\target\classes\com\petapplication\aop] for files matching pattern [D:/working/pet-app/pet-app/target/classes/com/petapplication/**/*.class]
11:15:09.585 [main] DEBUG o.s.c.i.s.PathMatchingResourcePatternResolver - Searching directory [D:\working\pet-app\pet-app\target\classes\com\petapplication\config] for files matching pattern [D:/working/pet-app/pet-app/target/classes/com/petapplication/**/*.class]
11:15:09.586 [main] DEBUG o.s.c.i.s.PathMatchingResourcePatternResolver - Searching directory [D:\working\pet-app\pet-app\target\classes\com\petapplication\controller] for files matching pattern [D:/working/pet-app/pet-app/target/classes/com/petapplication/**/*.class]
11:15:09.588 [main] DEBUG o.s.c.i.s.PathMatchingResourcePatternResolver - Searching directory [D:\working\pet-app\pet-app\target\classes\com\petapplication\entity] for files matching pattern [D:/working/pet-app/pet-app/target/classes/com/petapplication/**/*.class]
11:15:09.590 [main] DEBUG o.s.c.i.s.PathMatchingResourcePatternResolver - Searching directory [D:\working\pet-app\pet-app\target\classes\com\petapplication\entity\converter] for files matching pattern [D:/working/pet-app/pet-app/target/classes/com/petapplication/**/*.class]
11:15:09.591 [main] DEBUG o.s.c.i.s.PathMatchingResourcePatternResolver - Searching directory [D:\working\pet-app\pet-app\target\classes\com\petapplication\entity\converter\utility] for files matching pattern [D:/working/pet-app/pet-app/target/classes/com/petapplication/**/*.class]
11:15:09.592 [main] DEBUG o.s.c.i.s.PathMatchingResourcePatternResolver - Searching directory [D:\working\pet-app\pet-app\target\classes\com\petapplication\exception] for files matching pattern [D:/working/pet-app/pet-app/target/classes/com/petapplication/**/*.class]
11:15:09.594 [main] DEBUG o.s.c.i.s.PathMatchingResourcePatternResolver - Searching directory [D:\working\pet-app\pet-app\target\classes\com\petapplication\repository] for files matching pattern [D:/working/pet-app/pet-app/target/classes/com/petapplication/**/*.class]
11:15:09.595 [main] DEBUG o.s.c.i.s.PathMatchingResourcePatternResolver - Searching directory [D:\working\pet-app\pet-app\target\classes\com\petapplication\requestDTO] for files matching pattern [D:/working/pet-app/pet-app/target/classes/com/petapplication/**/*.class]
11:15:09.596 [main] DEBUG o.s.c.i.s.PathMatchingResourcePatternResolver - Searching directory [D:\working\pet-app\pet-app\target\classes\com\petapplication\resource] for files matching pattern [D:/working/pet-app/pet-app/target/classes/com/petapplication/**/*.class]
11:15:09.597 [main] DEBUG o.s.c.i.s.PathMatchingResourcePatternResolver - Searching directory [D:\working\pet-app\pet-app\target\classes\com\petapplication\resource\constant] for files matching pattern [D:/working/pet-app/pet-app/target/classes/com/petapplication/**/*.class]
11:15:09.597 [main] DEBUG o.s.c.i.s.PathMatchingResourcePatternResolver - Searching directory [D:\working\pet-app\pet-app\target\classes\com\petapplication\responseDTO] for files matching pattern [D:/working/pet-app/pet-app/target/classes/com/petapplication/**/*.class]
11:15:09.598 [main] DEBUG o.s.c.i.s.PathMatchingResourcePatternResolver - Searching directory [D:\working\pet-app\pet-app\target\classes\com\petapplication\service] for files matching pattern [D:/working/pet-app/pet-app/target/classes/com/petapplication/**/*.class]
