11:15:15.601 [main] DEBUG o.s.core.env.MutablePropertySources - Adding [localProperties] PropertySource with lowest search precedence
11:15:15.608 [main] DEBUG o.s.c.e.PropertySourcesPropertyResolver - Found key 'spring.jpa.hibernate.ddl-auto' in [applicationConfig: [classpath:/application.properties]] with type [String]
11:15:15.609 [main] DEBUG o.s.core.env.MutablePropertySources - Adding [servletConfigInitParams] PropertySource with lowest search precedence
11:15:15.609 [main] DEBUG o.s.core.env.MutablePropertySources - Adding [servletContextInitParams] PropertySource with lowest search precedence
11:15:15.609 [main] DEBUG o.s.core.env.MutablePropertySources - Adding [systemProperties] PropertySource with lowest search precedence
11:15:15.609 [main] DEBUG o.s.core.env.MutablePropertySources - Adding [systemEnvironment] PropertySource with lowest search precedence
11:15:15.609 [main] DEBUG o.s.core.env.MutablePropertySources - Adding [random] PropertySource with lowest search precedence
11:15:15.609 [main] DEBUG o.s.core.env.MutablePropertySources - Adding [applicationConfig: [classpath:/application.properties]] PropertySource with lowest search precedence
11:15:15.609 [main] DEBUG o.s.core.env.MutablePropertySources - Adding [class path resource [file-location.properties]] PropertySource with lowest search precedence
11:15:15.609 [main] DEBUG o.s.core.env.MutablePropertySources - Adding [localProperties] PropertySource with lowest search precedence
11:15:15.609 [main] DEBUG o.s.c.e.PropertySourcesPropertyResolver - Found key 'spring.jpa.database-platform' in [applicationConfig: [classpath:/application.properties]] with type [String]
11:15:15.612 [main] DEBUG o.s.b.f.s.DefaultListableBeanFactory - Returning cached instance of singleton bean 'org.springframework.transaction.config.internalTransactionAdvisor'
11:15:15.613 [main] DEBUG o.s.b.f.s.DefaultListableBeanFactory - Returning cached instance of singleton bean 'org.springframework.transaction.config.internalTransactionAdvisor'
11:15:15.613 [main] DEBUG o.s.b.f.s.DefaultListableBeanFactory - Finished creating instance of bean 'spring.jpa-org.springframework.boot.autoconfigure.orm.jpa.JpaProperties'
11:15:15.613 [main] DEBUG o.s.b.f.s.DefaultListableBeanFactory - Autowiring by type from bean name 'org.springframework.boot.autoconfigure.orm.jpa.HibernateJpaAutoConfiguration' via constructor to bean named 'dataSource'
11:15:15.613 [main] DEBUG o.s.b.f.s.DefaultListableBeanFactory - Autowiring by type from bean name 'org.springframework.boot.autoconfigure.orm.jpa.HibernateJpaAutoConfiguration' via constructor to bean named 'spring.jpa-org.springframework.boot.autoconfigure.orm.jpa.JpaProperties'
11:15:15.615 [main] DEBUG o.s.b.f.s.DefaultListableBeanFactory - Creating shared instance of singleton bean 'platformTransactionManagerCustomizers'
11:15:15.615 [main] DEBUG o.s.b.f.s.DefaultListableBeanFactory - Creating instance of bean 'platformTransactionManagerCustomizers'
11:15:15.625 [main] DEBUG o.s.b.f.s.DefaultListableBeanFactory - Returning cached instance of singleton bean 'org.springframework.transaction.config.internalTransactionAdvisor'
11:15:15.625 [main] DEBUG o.s.b.f.s.DefaultListableBeanFactory - Creating shared instance of singleton bean 'org.springframework.boot.autoconfigure.transaction.TransactionAutoConfiguration'
11:15:15.625 [main] DEBUG o.s.b.f.s.DefaultListableBeanFactory - Creating instance of bean 'org.springframework.boot.autoconfigure.transaction.TransactionAutoConfiguration'
11:15:15.625 [main] DEBUG o.s.b.f.s.DefaultListableBeanFactory - Returning cached instance of singleton bean 'org.springframework.transaction.config.internalTransactionAdvisor'
11:15:15.626 [main] DEBUG o.s.b.f.s.DefaultListableBeanFactory - Eagerly caching bean 'org.springframework.boot.autoconfigure.transaction.TransactionAutoConfiguration' to allow for resolving potential circular references
11:15:15.628 [main] DEBUG o.s.b.f.s.DefaultListableBeanFactory - Returning cached instance of singleton bean 'org.springframework.transaction.config.internalTransactionAdvisor'
11:15:15.629 [main] DEBUG o.s.b.f.s.DefaultListableBeanFactory - Returning cached instance of singleton bean 'org.springframework.transaction.config.internalTransactionAdvisor'
11:15:15.629 [main] DEBUG o.s.b.f.s.DefaultListableBeanFactory - Finished creating instance of bean 'org.springframework.boot.autoconfigure.transaction.TransactionAutoConfiguration'
11:15:15.637 [main] DEBUG o.s.b.f.s.DefaultListableBeanFactory - Creating shared instance of singleton bean 'spring.transaction-org.springframework.boot.autoconfigure.transaction.TransactionProperties'
11:15:15.637 [main] DEBUG o.s.b.f.s.DefaultListableBeanFactory - Creating instance of bean 'spring.transaction-org.springframework.boot.autoconfigure.transaction.TransactionProperties'
11:15:15.638 [main] DEBUG o.s.b.f.s.DefaultListableBeanFactory - Returning cached instance of singleton bean 'org.springframework.transaction.config.internalTransactionAdvisor'
11:15:15.638 [main] DEBUG o.s.b.f.s.DefaultListableBeanFactory - Eagerly caching bean 'spring.transaction-org.springframework.boot.autoconfigure.transaction.TransactionProperties' to allow for resolving potential circular references
11:15:15.641 [main] DEBUG o.s.core.env.MutablePropertySources - Adding [servletConfigInitParams] PropertySource with lowest search precedence
11:15:15.641 [main] DEBUG o.s.core.env.MutablePropertySources - Adding [servletContextInitParams] PropertySource with lowest search precedence
11:15:15.641 [main] DEBUG o.s.core.env.MutablePropertySources - Adding [systemProperties] PropertySource with lowest search precedence
11:15:15.641 [main] DEBUG o.s.core.env.MutablePropertySources - Adding [systemEnvironment] PropertySource with lowest search precedence
11:15:15.641 [main] DEBUG o.s.core.env.MutablePropertySources - Adding [random] PropertySource with lowest search precedence
11:15:15.641 [main] DEBUG o.s.core.env.MutablePropertySources - Adding [applicationConfig: [classpath:/application.properties]] PropertySource with lowest search precedence
11:15:15.641 [main] DEBUG o.s.core.env.MutablePropertySources - Adding [class path resource [file-location.properties]] PropertySource with lowest search precedence
11:15:15.641 [main] DEBUG o.s.core.env.MutablePropertySources - Adding [localProperties] PropertySource with lowest search precedence
11:15:15.642 [main] DEBUG o.s.b.f.s.DefaultListableBeanFactory - Returning cached instance of singleton bean 'org.springframework.transaction.config.internalTransactionAdvisor'
11:15:15.642 [main] DEBUG o.s.b.f.s.DefaultListableBeanFactory - Returning cached instance of singleton bean 'org.springframework.transaction.config.internalTransactionAdvisor'
11:15:15.642 [main] DEBUG o.s.b.f.s.DefaultListableBeanFactory - Finished creating instance of bean 'spring.transaction-org.springframework.boot.autoconfigure.transaction.TransactionProperties'
11:15:15.643 [main] DEBUG o.s.b.f.s.DefaultListableBeanFactory - Eagerly caching bean 'platformTransactionManagerCustomizers' to allow for resolving potential circular references
11:15:15.644 [main] DEBUG o.s.b.f.s.DefaultListableBeanFactory - Returning cached instance of singleton bean 'org.springframework.transaction.config.internalTransactionAdvisor'
11:15:15.644 [main] DEBUG o.s.b.f.s.DefaultListableBeanFactory - Returning cached instance of singleton bean 'org.springframework.transaction.config.internalTransactionAdvisor'
11:15:15.645 [main] DEBUG o.s.b.f.s.DefaultListableBeanFactory - Finished creating instance of bean 'platformTransactionManagerCustomizers'
11:15:15.645 [main] DEBUG o.s.b.f.s.DefaultListableBeanFactory - Eagerly caching bean 'org.springframework.boot.autoconfigure.orm.jpa.HibernateJpaAutoConfiguration' to allow for resolving potential circular references
11:15:15.658 [main] DEBUG o.s.b.f.s.DefaultListableBeanFactory - Returning cached instance of singleton bean 'org.springframework.transaction.config.internalTransactionAdvisor'
11:15:15.658 [main] DEBUG o.s.b.f.s.DefaultListableBeanFactory - Returning cached instance of singleton bean 'org.springframework.transaction.config.internalTransactionAdvisor'
11:15:15.660 [main] DEBUG o.s.b.f.s.DefaultListableBeanFactory - Finished creating instance of bean 'org.springframework.boot.autoconfigure.orm.jpa.HibernateJpaAutoConfiguration'
11:15:15.661 [main] DEBUG o.s.b.f.s.DefaultListableBeanFactory - Creating shared instance of singleton bean 'entityManagerFactoryBuilder'
11:15:15.661 [main] DEBUG o.s.b.f.s.DefaultListableBeanFactory - Creating instance of bean 'entityManagerFactoryBuilder'
11:15:15.662 [main] DEBUG o.s.b.f.s.DefaultListableBeanFactory - Returning cached instance of singleton bean 'org.springframework.transaction.config.internalTransactionAdvisor'
11:15:15.662 [main] DEBUG o.s.b.f.s.DefaultListableBeanFactory - Returning cached instance of singleton bean 'org.springframework.boot.autoconfigure.orm.jpa.HibernateJpaAutoConfiguration'
11:15:15.663 [main] DEBUG o.s.b.f.s.DefaultListableBeanFactory - Creating shared instance of singleton bean 'jpaVendorAdapter'
11:15:15.663 [main] DEBUG o.s.b.f.s.DefaultListableBeanFactory - Creating instance of bean 'jpaVendorAdapter'
11:15:15.663 [main] DEBUG o.s.b.f.s.DefaultListableBeanFactory - Returning cached instance of singleton bean 'org.springframework.transaction.config.internalTransactionAdvisor'
11:15:15.663 [main] DEBUG o.s.b.f.s.DefaultListableBeanFactory - Returning cached instance of singleton bean 'org.springframework.boot.autoconfigure.orm.jpa.HibernateJpaAutoConfiguration'
11:15:15.755 [main] DEBUG o.s.jdbc.datasource.DataSourceUtils - Fetching JDBC Connection from DataSource
11:15:16.304 [main] DEBUG o.s.jdbc.datasource.DataSourceUtils - Returning JDBC Connection to DataSource
11:15:16.305 [main] DEBUG o.s.b.f.s.DefaultListableBeanFactory - Eagerly caching bean 'jpaVendorAdapter' to allow for resolving potential circular references
11:15:16.310 [main] DEBUG o.s.b.f.s.DefaultListableBeanFactory - Returning cached instance of singleton bean 'org.springframework.transaction.config.internalTransactionAdvisor'
11:15:16.310 [main] DEBUG o.s.b.f.s.DefaultListableBeanFactory - Returning cached instance of singleton bean 'org.springframework.transaction.config.internalTransactionAdvisor'
11:15:16.311 [main] DEBUG o.s.b.f.s.DefaultListableBeanFactory - Finished creating instance of bean 'jpaVendorAdapter'
11:15:16.311 [main] DEBUG o.s.b.f.s.DefaultListableBeanFactory - Autowiring by type from bean name 'entityManagerFactoryBuilder' via factory method to bean named 'jpaVendorAdapter'
11:15:16.313 [main] DEBUG o.s.b.f.s.DefaultListableBeanFactory - Eagerly caching bean 'entityManagerFactoryBuilder' to allow for resolving potential circular references
11:15:16.315 [main] DEBUG o.s.b.f.s.DefaultListableBeanFactory - Returning cached instance of singleton bean 'org.springframework.transaction.config.internalTransactionAdvisor'
11:15:16.316 [main] DEBUG o.s.b.f.s.DefaultListableBeanFactory - Returning cached instance of singleton bean 'org.springframework.transaction.config.internalTransactionAdvisor'
11:15:16.316 [main] DEBUG o.s.b.f.s.DefaultListableBeanFactory - Finished creating instance of bean 'entityManagerFactoryBuilder'
11:15:16.316 [main] DEBUG o.s.b.f.s.DefaultListableBeanFactory - Autowiring by type from bean name 'entityManagerFactory' via factory method to bean named 'entityManagerFactoryBuilder'
11:15:16.321 [main] DEBUG o.s.b.f.s.DefaultListableBeanFactory - Returning cached instance of singleton bean 'org.springframework.boot.autoconfigure.AutoConfigurationPackages'
11:15:16.321 [main] DEBUG o.s.b.f.s.DefaultListableBeanFactory - Returning cached instance of singleton bean 'org.springframework.boot.autoconfigure.AutoConfigurationPackages'
11:15:16.335 [main] DEBUG o.s.b.f.s.DefaultListableBeanFactory - Eagerly caching bean 'entityManagerFactory' to allow for resolving potential circular references
11:15:16.344 [main] DEBUG o.s.b.f.s.DefaultListableBeanFactory - Invoking afterPropertiesSet() on bean with name 'entityManagerFactory'
11:15:16.352 [main] DEBUG o.s.c.i.s.PathMatchingResourcePatternResolver - Resolved classpath location [META-INF/persistence.xml] to resources []
11:15:16.353 [main] DEBUG o.s.c.i.s.PathMatchingResourcePatternResolver - Resolved classpath location [com/petapplication/] to resources [URL [file:/D:/working/pet-app/pet-app/target/classes/com/petapplication/]]
11:15:16.353 [main] DEBUG o.s.c.i.s.PathMatchingResourcePatternResolver - Looking for matching resources in directory tree [D:\working\pet-app\pet-app\target\classes\com\petapplication]
11:15:16.353 [main] DEBUG o.s.c.i.s.PathMatchingResourcePatternResolver - Searching directory [D:\working\pet-app\pet-app\target\classes\com\petapplication] for files matching pattern [D:/working/pet-app/pet-app/target/classes/com/petapplication/**/*.class]
11:15:16.354 [main] DEBUG o.s.c.i.s.PathMatchingResourcePatternResolver - Searching directory [D:\working\pet-app\pet-app\target\classes\com\petapplication\aop] for files matching pattern [D:/working/pet-app/pet-app/target/classes/com/petapplication/**/*.class]
11:15:16.354 [main] DEBUG o.s.c.i.s.PathMatchingResourcePatternResolver - Searching directory [D:\working\pet-app\pet-app\target\classes\com\petapplication\config] for files matching pattern [D:/working/pet-app/pet-app/target/classes/com/petapplication/**/*.class]
11:15:16.354 [main] DEBUG o.s.c.i.s.PathMatchingResourcePatternResolver - Searching directory [D:\working\pet-app\pet-app\target\classes\com\petapplication\controller] for files matching pattern [D:/working/pet-app/pet-app/target/classes/com/petapplication/**/*.class]
11:15:16.355 [main] DEBUG o.s.c.i.s.PathMatchingResourcePatternResolver - Searching directory [D:\working\pet-app\pet-app\target\classes\com\petapplication\entity] for files matching pattern [D:/working/pet-app/pet-app/target/classes/com/petapplication/**/*.class]
11:15:16.355 [main] DEBUG o.s.c.i.s.PathMatchingResourcePatternResolver - Searching directory [D:\working\pet-app\pet-app\target\classes\com\petapplication\entity\converter] for files matching pattern [D:/working/pet-app/pet-app/target/classes/com/petapplication/**/*.class]
11:15:16.355 [main] DEBUG o.s.c.i.s.PathMatchingResourcePatternResolver - Searching directory [D:\working\pet-app\pet-app\target\classes\com\petapplication\entity\converter\utility] for files matching pattern [D:/working/pet-app/pet-app/target/classes/com/petapplication/**/*.class]
11:15:16.355 [main] DEBUG o.s.c.i.s.PathMatchingResourcePatternResolver - Searching directory [D:\working\pet-app\pet-app\target\classes\com\petapplication\exception] for files matching pattern [D:/working/pet-app/pet-app/target/classes/com/petapplication/**/*.class]
11:15:16.356 [main] DEBUG o.s.c.i.s.PathMatchingResourcePatternResolver - Searching directory [D:\working\pet-app\pet-app\target\classes\com\petapplication\repository] for files matching pattern [D:/working/pet-app/pet-app/target/classes/com/petapplication/**/*.class]
11:15:16.356 [main] DEBUG o.s.c.i.s.PathMatchingResourcePatternResolver - Searching directory [D:\working\pet-app\pet-app\target\classes\com\petapplication\requestDTO] for files matching pattern [D:/working/pet-app/pet-app/target/classes/com/petapplication/**/*.class]
11:15:16.356 [main] DEBUG o.s.c.i.s.PathMatchingResourcePatternResolver - Searching directory [D:\working\pet-app\pet-app\target\classes\com\petapplication\resource] for files matching pattern [D:/working/pet-app/pet-app/target/classes/com/petapplication/**/*.class]
11:15:16.356 [main] DEBUG o.s.c.i.s.PathMatchingResourcePatternResolver - Searching directory [D:\working\pet-app\pet-app\target\classes\com\petapplication\resource\constant] for files matching pattern [D:/working/pet-app/pet-app/target/classes/com/petapplication/**/*.class]
11:15:16.357 [main] DEBUG o.s.c.i.s.PathMatchingResourcePatternResolver - Searching directory [D:\working\pet-app\pet-app\target\classes\com\petapplication\responseDTO] for files matching pattern [D:/working/pet-app/pet-app/target/classes/com/petapplication/**/*.class]
11:15:16.357 [main] DEBUG o.s.c.i.s.PathMatchingResourcePatternResolver - Searching directory [D:\working\pet-app\pet-app\target\classes\com\petapplication\service] for files matching pattern [D:/working/pet-app/pet-app/target/classes/com/petapplication/**/*.class]
11:15:16.357 [main] DEBUG o.s.c.i.s.PathMatchingResourcePatternResolver - Searching directory [D:\working\pet-app\pet-app\target\classes\com\petapplication\service\impl] for files matching pattern [D:/working/pet-app/pet-app/target/classes/com/petapplication/**/*.class]
11:15:16.358 [main] DEBUG o.s.c.i.s.PathMatchingResourcePatternResolver - Searching directory [D:\working\pet-app\pet-app\target\classes\com\petapplication\utility] for files matching pattern [D:/working/pet-app/pet-app/target/classes/com/petapplication/**/*.class]
11:15:16.358 [main] DEBUG o.s.c.i.s.PathMatchingResourcePatternResolver - Resolved location pattern [classpath*:com/petapplication/**/*.class] to resources [file [D:\working\pet-app\pet-app\target\classes\com\petapplication\aop\HandelLoginAOP.class], file [D:\working\pet-app\pet-app\target\classes\com\petapplication\config\WebConfig.class], file [D:\working\pet-app\pet-app\target\classes\com\petapplication\controller\AuthenticationController.class], file [D:\working\pet-app\pet-app\target\classes\com\petapplication\controller\PetInfoController.class], file [D:\working\pet-app\pet-app\target\classes\com\petapplication\entity\converter\utility\PetInfoUtils.class], file [D:\working\pet-app\pet-app\target\classes\com\petapplication\entity\PetInfo.class], file [D:\working\pet-app\pet-app\target\classes\com\petapplication\entity\UserLoginInfo.class], file [D:\working\pet-app\pet-app\target\classes\com\petapplication\exception\ContentConflictException.class], file [D:\working\pet-app\pet-app\target\classes\com\petapplication\exception\ContentNotFoundException.class], file [D:\working\pet-app\pet-app\target\classes\com\petapplication\exception\DataBindingErrorMessage$Error.class], file [D:\working\pet-app\pet-app\target\classes\com\petapplication\exception\DataBindingErrorMessage.class], file [D:\working\pet-app\pet-app\target\classes\com\petapplication\exception\ErrorMessage.class], file [D:\working\pet-app\pet-app\target\classes\com\petapplication\exception\GlobalExceptionHandler.class], file [D:\working\pet-app\pet-app\target\classes\com\petapplication\exception\NoContentException.class], file [D:\working\pet-app\pet-app\target\classes\com\petapplication\exception\OperationFailedException.class], file [D:\working\pet-app\pet-app\target\classes\com\petapplication\exception\UnauthorizedExceptionHandler.class], file [D:\working\pet-app\pet-app\target\classes\com\petapplication\PetApplicationStarter.class], file [D:\working\pet-app\pet-app\target\classes\com\petapplication\repository\PetInfoRepository.class], file [D:\working\pet-app\pet-app\target\classes\com\petapplication\repository\UserLoginInfoRepository.class], file [D:\working\pet-app\pet-app\target\classes\com\petapplication\requestDTO\LoginRequestDTO.class], file [D:\working\pet-app\pet-app\target\classes\com\petapplication\requestDTO\PetInfoRequestDTO.class], file [D:\working\pet-app\pet-app\target\classes\com\petapplication\resource\constant\WebApiConstant.class], file [D:\working\pet-app\pet-app\target\classes\com\petapplication\responseDTO\PetInfoResponseDTO.class], file [D:\working\pet-app\pet-app\target\classes\com\petapplication\responseDTO\SingleValueResponse.class], file [D:\working\pet-app\pet-app\target\classes\com\petapplication\service\impl\LoginServiceImpl.class], file [D:\working\pet-app\pet-app\target\classes\com\petapplication\service\impl\PetInfoServiceImpl.class], file [D:\working\pet-app\pet-app\target\classes\com\petapplication\service\LoginService.class], file [D:\working\pet-app\pet-app\target\classes\com\petapplication\service\PetInfoService.class], file [D:\working\pet-app\pet-app\target\classes\com\petapplication\utility\DateUtils.class], file [D:\working\pet-app\pet-app\target\classes\com\petapplication\utility\FileProcessorUtils.class], file [D:\working\pet-app\pet-app\target\classes\com\petapplication\utility\JWTUtils.class], file [D:\working\pet-app\pet-app\target\classes\com\petapplication\utility\ModelBase.class]]
11:15:16.379 [main] INFO  o.s.o.j.LocalContainerEntityManagerFactoryBean - Building JPA container EntityManagerFactory for persistence unit 'default'
