11:15:13.625 [main] DEBUG o.s.b.f.s.DefaultListableBeanFactory - Eagerly caching bean 'localeCharsetMappingsCustomizer' to allow for resolving potential circular references
11:15:13.651 [main] DEBUG o.s.b.f.s.DefaultListableBeanFactory - Returning cached instance of singleton bean 'org.springframework.transaction.config.internalTransactionAdvisor'
11:15:13.652 [main] DEBUG o.s.b.f.s.DefaultListableBeanFactory - Returning cached instance of singleton bean 'org.springframework.transaction.config.internalTransactionAdvisor'
11:15:13.653 [main] DEBUG o.s.b.f.s.DefaultListableBeanFactory - Finished creating instance of bean 'localeCharsetMappingsCustomizer'
11:15:13.653 [main] DEBUG o.s.b.f.s.DefaultListableBeanFactory - Creating shared instance of singleton bean 'serverProperties'
11:15:13.655 [main] DEBUG o.s.b.f.s.DefaultListableBeanFactory - Creating instance of bean 'serverProperties'
11:15:13.655 [main] DEBUG o.s.b.f.s.DefaultListableBeanFactory - Returning cached instance of singleton bean 'org.springframework.transaction.config.internalTransactionAdvisor'
11:15:13.655 [main] DEBUG o.s.b.f.s.DefaultListableBeanFactory - Creating shared instance of singleton bean 'org.springframework.boot.autoconfigure.web.ServerPropertiesAutoConfiguration'
11:15:13.655 [main] DEBUG o.s.b.f.s.DefaultListableBeanFactory - Creating instance of bean 'org.springframework.boot.autoconfigure.web.ServerPropertiesAutoConfiguration'
11:15:13.656 [main] DEBUG o.s.b.f.s.DefaultListableBeanFactory - Returning cached instance of singleton bean 'org.springframework.transaction.config.internalTransactionAdvisor'
11:15:13.657 [main] DEBUG o.s.b.f.s.DefaultListableBeanFactory - Eagerly caching bean 'org.springframework.boot.autoconfigure.web.ServerPropertiesAutoConfiguration' to allow for resolving potential circular references
11:15:13.691 [main] DEBUG o.s.b.f.s.DefaultListableBeanFactory - Returning cached instance of singleton bean 'org.springframework.transaction.config.internalTransactionAdvisor'
11:15:13.691 [main] DEBUG o.s.b.f.s.DefaultListableBeanFactory - Returning cached instance of singleton bean 'org.springframework.transaction.config.internalTransactionAdvisor'
11:15:13.694 [main] DEBUG o.s.b.f.s.DefaultListableBeanFactory - Finished creating instance of bean 'org.springframework.boot.autoconfigure.web.ServerPropertiesAutoConfiguration'
11:15:13.741 [main] DEBUG o.s.b.f.s.DefaultListableBeanFactory - Eagerly caching bean 'serverProperties' to allow for resolving potential circular references
11:15:13.749 [main] DEBUG o.s.core.env.MutablePropertySources - Adding [servletConfigInitParams] PropertySource with lowest search precedence
11:15:13.750 [main] DEBUG o.s.core.env.MutablePropertySources - Adding [servletContextInitParams] PropertySource with lowest search precedence
11:15:13.750 [main] DEBUG o.s.core.env.MutablePropertySources - Adding [systemProperties] PropertySource with lowest search precedence
11:15:13.750 [main] DEBUG o.s.core.env.MutablePropertySources - Adding [systemEnvironment] PropertySource with lowest search precedence
11:15:13.751 [main] DEBUG o.s.core.env.MutablePropertySources - Adding [random] PropertySource with lowest search precedence
11:15:13.751 [main] DEBUG o.s.core.env.MutablePropertySources - Adding [applicationConfig: [classpath:/application.properties]] PropertySource with lowest search precedence
11:15:13.751 [main] DEBUG o.s.core.env.MutablePropertySources - Adding [class path resource [file-location.properties]] PropertySource with lowest search precedence
11:15:13.751 [main] DEBUG o.s.core.env.MutablePropertySources - Adding [localProperties] PropertySource with lowest search precedence
11:15:13.753 [main] DEBUG o.s.b.f.s.DefaultListableBeanFactory - Returning cached instance of singleton bean 'org.springframework.transaction.config.internalTransactionAdvisor'
11:15:13.754 [main] DEBUG o.s.b.f.s.DefaultListableBeanFactory - Returning cached instance of singleton bean 'org.springframework.transaction.config.internalTransactionAdvisor'
11:15:13.768 [main] DEBUG o.s.b.f.s.DefaultListableBeanFactory - Finished creating instance of bean 'serverProperties'
11:15:13.769 [main] DEBUG o.s.b.f.s.DefaultListableBeanFactory - Creating shared instance of singleton bean 'duplicateServerPropertiesDetector'
11:15:13.769 [main] DEBUG o.s.b.f.s.DefaultListableBeanFactory - Creating instance of bean 'duplicateServerPropertiesDetector'
11:15:13.769 [main] DEBUG o.s.b.f.s.DefaultListableBeanFactory - Returning cached instance of singleton bean 'org.springframework.transaction.config.internalTransactionAdvisor'
11:15:13.769 [main] DEBUG o.s.b.f.s.DefaultListableBeanFactory - Returning cached instance of singleton bean 'org.springframework.boot.autoconfigure.web.ServerPropertiesAutoConfiguration'
11:15:13.770 [main] DEBUG o.s.b.f.s.DefaultListableBeanFactory - Eagerly caching bean 'duplicateServerPropertiesDetector' to allow for resolving potential circular references
11:15:13.774 [main] DEBUG o.s.b.f.s.DefaultListableBeanFactory - Returning cached instance of singleton bean 'org.springframework.transaction.config.internalTransactionAdvisor'
11:15:13.775 [main] DEBUG o.s.b.f.s.DefaultListableBeanFactory - Returning cached instance of singleton bean 'org.springframework.transaction.config.internalTransactionAdvisor'
11:15:13.777 [main] DEBUG o.s.b.f.s.DefaultListableBeanFactory - Finished creating instance of bean 'duplicateServerPropertiesDetector'
11:15:13.785 [main] DEBUG o.s.b.f.s.DefaultListableBeanFactory - Creating shared instance of singleton bean 'errorPageCustomizer'
11:15:13.785 [main] DEBUG o.s.b.f.s.DefaultListableBeanFactory - Creating instance of bean 'errorPageCustomizer'
11:15:13.786 [main] DEBUG o.s.b.f.s.DefaultListableBeanFactory - Returning cached instance of singleton bean 'org.springframework.transaction.config.internalTransactionAdvisor'
11:15:13.786 [main] DEBUG o.s.b.f.s.DefaultListableBeanFactory - Creating shared instance of singleton bean 'org.springframework.boot.autoconfigure.web.ErrorMvcAutoConfiguration'
11:15:13.786 [main] DEBUG o.s.b.f.s.DefaultListableBeanFactory - Creating instance of bean 'org.springframework.boot.autoconfigure.web.ErrorMvcAutoConfiguration'
11:15:13.786 [main] DEBUG o.s.b.f.s.DefaultListableBeanFactory - Returning cached instance of singleton bean 'org.springframework.transaction.config.internalTransactionAdvisor'
11:15:13.787 [main] DEBUG o.s.c.LocalVariableTableParameterNameDiscoverer - Cannot find '.class' file for class [class org.springframework.boot.autoconfigure.web.ErrorMvcAutoConfiguration$$EnhancerBySpringCGLIB$$4f4ad74b] - unable to determine constructor/method parameter names
11:15:13.789 [main] DEBUG o.s.b.f.s.DefaultListableBeanFactory - Returning cached instance of singleton bean 'serverProperties'
11:15:13.791 [main] DEBUG o.s.b.f.s.DefaultListableBeanFactory - Autowiring by type from bean name 'org.springframework.boot.autoconfigure.web.ErrorMvcAutoConfiguration' via constructor to bean named 'serverProperties'
11:15:13.793 [main] DEBUG o.s.b.f.s.DefaultListableBeanFactory - Creating shared instance of singleton bean 'conventionErrorViewResolver'
11:15:13.794 [main] DEBUG o.s.b.f.s.DefaultListableBeanFactory - Creating instance of bean 'conventionErrorViewResolver'
11:15:13.795 [main] DEBUG o.s.b.f.s.DefaultListableBeanFactory - Returning cached instance of singleton bean 'org.springframework.transaction.config.internalTransactionAdvisor'
11:15:13.795 [main] DEBUG o.s.b.f.s.DefaultListableBeanFactory - Creating shared instance of singleton bean 'org.springframework.boot.autoconfigure.web.ErrorMvcAutoConfiguration$DefaultErrorViewResolverConfiguration'
11:15:13.795 [main] DEBUG o.s.b.f.s.DefaultListableBeanFactory - Creating instance of bean 'org.springframework.boot.autoconfigure.web.ErrorMvcAutoConfiguration$DefaultErrorViewResolverConfiguration'
11:15:13.796 [main] DEBUG o.s.b.f.s.DefaultListableBeanFactory - Returning cached instance of singleton bean 'org.springframework.transaction.config.internalTransactionAdvisor'
11:15:13.797 [main] DEBUG o.s.c.LocalVariableTableParameterNameDiscoverer - Cannot find '.class' file for class [class org.springframework.boot.autoconfigure.web.ErrorMvcAutoConfiguration$DefaultErrorViewResolverConfiguration$$EnhancerBySpringCGLIB$$5be7e0ab] - unable to determine constructor/method parameter names
11:15:13.800 [main] DEBUG o.s.b.f.s.DefaultListableBeanFactory - Creating shared instance of singleton bean 'spring.resources-org.springframework.boot.autoconfigure.web.ResourceProperties'
11:15:13.801 [main] DEBUG o.s.b.f.s.DefaultListableBeanFactory - Creating instance of bean 'spring.resources-org.springframework.boot.autoconfigure.web.ResourceProperties'
11:15:13.801 [main] DEBUG o.s.b.f.s.DefaultListableBeanFactory - Returning cached instance of singleton bean 'org.springframework.transaction.config.internalTransactionAdvisor'
11:15:13.803 [main] DEBUG o.s.b.f.s.DefaultListableBeanFactory - Eagerly caching bean 'spring.resources-org.springframework.boot.autoconfigure.web.ResourceProperties' to allow for resolving potential circular references
11:15:13.809 [main] DEBUG o.s.core.env.MutablePropertySources - Adding [servletConfigInitParams] PropertySource with lowest search precedence
11:15:13.809 [main] DEBUG o.s.core.env.MutablePropertySources - Adding [servletContextInitParams] PropertySource with lowest search precedence
11:15:13.809 [main] DEBUG o.s.core.env.MutablePropertySources - Adding [systemProperties] PropertySource with lowest search precedence
11:15:13.810 [main] DEBUG o.s.core.env.MutablePropertySources - Adding [systemEnvironment] PropertySource with lowest search precedence
11:15:13.810 [main] DEBUG o.s.core.env.MutablePropertySources - Adding [random] PropertySource with lowest search precedence
11:15:13.810 [main] DEBUG o.s.core.env.MutablePropertySources - Adding [applicationConfig: [classpath:/application.properties]] PropertySource with lowest search precedence
11:15:13.810 [main] DEBUG o.s.core.env.MutablePropertySources - Adding [class path resource [file-location.properties]] PropertySource with lowest search precedence
11:15:13.810 [main] DEBUG o.s.core.env.MutablePropertySources - Adding [localProperties] PropertySource with lowest search precedence
11:15:13.811 [main] DEBUG o.s.b.f.s.DefaultListableBeanFactory - Returning cached instance of singleton bean 'org.springframework.transaction.config.internalTransactionAdvisor'
11:15:13.811 [main] DEBUG o.s.b.f.s.DefaultListableBeanFactory - Returning cached instance of singleton bean 'org.springframework.transaction.config.internalTransactionAdvisor'
